[debug] [2018-05-01T12:41:51.882Z] ----------------------------------------------------------------------
[debug] [2018-05-01T12:41:51.884Z] Command:       /usr/local/bin/node /usr/local/bin/firebase serve
[debug] [2018-05-01T12:41:51.884Z] CLI Version:   3.18.4
[debug] [2018-05-01T12:41:51.884Z] Platform:      darwin
[debug] [2018-05-01T12:41:51.884Z] Node Version:  v8.10.0
[debug] [2018-05-01T12:41:51.884Z] Time:          Tue May 01 2018 14:41:51 GMT+0200 (CEST)
[debug] [2018-05-01T12:41:51.884Z] ----------------------------------------------------------------------
[debug] 
[debug] [2018-05-01T12:41:51.893Z] > command requires scopes: ["email","openid","https://www.googleapis.com/auth/cloudplatformprojects.readonly","https://www.googleapis.com/auth/firebase","https://www.googleapis.com/auth/cloud-platform"]
[debug] [2018-05-01T12:41:51.894Z] > authorizing via signed-in user
[debug] [2018-05-01T12:41:51.899Z] > refreshing access token with scopes: ["email","https://www.googleapis.com/auth/cloud-platform","https://www.googleapis.com/auth/cloudplatformprojects.readonly","https://www.googleapis.com/auth/firebase","openid"]
[debug] [2018-05-01T12:41:51.899Z] >>> HTTP REQUEST POST https://www.googleapis.com/oauth2/v3/token  
 { refresh_token: '1/-W_h9wcvBbYofYntE8WOjc2X14TfBN6pFNoR19KSPkhLKLNnyH2vjTz3es6f-GJJ',
  client_id: '563584335869-fgrhgmd47bqnekij5i8b5pr03ho849e6.apps.googleusercontent.com',
  client_secret: 'j9iVZfS8kkCEFUPaAeJV0sAi',
  grant_type: 'refresh_token',
  scope: 'email https://www.googleapis.com/auth/cloud-platform https://www.googleapis.com/auth/cloudplatformprojects.readonly https://www.googleapis.com/auth/firebase openid' } 
 Tue May 01 2018 14:41:51 GMT+0200 (CEST)
[debug] [2018-05-01T12:41:55.515Z] <<< HTTP RESPONSE 200
[debug] [2018-05-01T12:41:55.530Z] >>> HTTP REQUEST GET https://admin.firebase.com/v1/projects/react-firebase-3d2a7  
  
 Tue May 01 2018 14:41:55 GMT+0200 (CEST)
[debug] [2018-05-01T12:41:58.213Z] <<< HTTP RESPONSE 200
[debug] [2018-05-01T12:41:58.214Z] >>> HTTP REQUEST GET https://admin.firebase.com/v1/database/react-firebase-3d2a7/tokens  
  
 Tue May 01 2018 14:41:58 GMT+0200 (CEST)
[debug] [2018-05-01T12:41:58.836Z] <<< HTTP RESPONSE 200
[debug] [2018-05-01T12:41:58.837Z] >>> HTTP REQUEST GET https://cloudresourcemanager.googleapis.com/v1/projects/react-firebase-3d2a7  
  
 Tue May 01 2018 14:41:58 GMT+0200 (CEST)
[debug] [2018-05-01T12:41:59.811Z] <<< HTTP RESPONSE 200
[info] 
[info] === Serving from '/Users/david/Desktop/socle-react-firebase/project-react-firebase'...
[info] 
[debug] [2018-05-01T12:42:00.604Z] Error: EACCES: permission denied, mkdir '/usr/local/lib/node_modules/firebase-tools/node_modules/@google-cloud/functions-emulator/logs'
    at Object.fs.mkdirSync (fs.js:885:18)
    at Object.assertLogsPath (/usr/local/lib/node_modules/firebase-tools/node_modules/@google-cloud/functions-emulator/src/emulator/logs.js:65:10)
    at new Controller (/usr/local/lib/node_modules/firebase-tools/node_modules/@google-cloud/functions-emulator/src/cli/controller.js:77:32)
    at FunctionsEmulator.start (/usr/local/lib/node_modules/firebase-tools/lib/functionsEmulator.js:111:21)
    at Object.start (/usr/local/lib/node_modules/firebase-tools/lib/serve/functions.js:9:29)
    at /usr/local/lib/node_modules/firebase-tools/lib/serve/index.js:17:21
    at arrayMap (/usr/local/lib/node_modules/firebase-tools/node_modules/lodash/lodash.js:639:23)
    at Function.map (/usr/local/lib/node_modules/firebase-tools/node_modules/lodash/lodash.js:9554:14)
    at _serve (/usr/local/lib/node_modules/firebase-tools/lib/serve/index.js:15:7)
    at Command._action (/usr/local/lib/node_modules/firebase-tools/commands/serve.js:48:12)
[error] 
[error] Error: An unexpected error has occurred.
